0 info it worked if it ends with ok
1 verbose cli [ '/Users/michaeljfox/.nvm/versions/node/v6.2.2/bin/node',
1 verbose cli   '/Users/michaeljfox/.nvm/versions/node/v6.2.2/bin/npm',
1 verbose cli   'start' ]
2 info using npm@3.9.5
3 info using node@v6.2.2
4 verbose run-script [ 'prestart', 'start', 'poststart' ]
5 info lifecycle team-growth@1.0.0~prestart: team-growth@1.0.0
6 silly lifecycle team-growth@1.0.0~prestart: no script for prestart, continuing
7 info lifecycle team-growth@1.0.0~start: team-growth@1.0.0
8 verbose lifecycle team-growth@1.0.0~start: unsafe-perm in lifecycle true
9 verbose lifecycle team-growth@1.0.0~start: PATH: /Users/michaeljfox/.nvm/versions/node/v6.2.2/lib/node_modules/npm/bin/node-gyp-bin:/Users/michaeljfox/Documents/projects/team-growth/node_modules/.bin:/Users/michaeljfox/.nvm/versions/node/v6.2.2/bin:/Users/michaeljfox/.nvm/versions/node/v6.2.2/bin:/Users/michaeljfox/google-cloud-sdk/bin:/Users/michaeljfox/kubernetes/client/bin:/Users/michaeljfox/Library/Maven/apache-maven-3.3.9/bin:/Users/michaeljfox/anaconda2/bin:~/.local/bin:/usr/local/bin:/usr/bin:/bin:/usr/sbin:/sbin:/Users/michaeljfox/google-cloud-sdk/bin:/Users/michaeljfox/kubernetes/client/bin:/Users/michaeljfox/Library/Maven/apache-maven-3.3.9/bin:/Users/michaeljfox/anaconda2/bin:~/.local/bin
10 verbose lifecycle team-growth@1.0.0~start: CWD: /Users/michaeljfox/Documents/projects/team-growth
11 silly lifecycle team-growth@1.0.0~start: Args: [ '-c', 'node index.js' ]
12 silly lifecycle team-growth@1.0.0~start: Returned: code: 1  signal: null
13 info lifecycle team-growth@1.0.0~start: Failed to exec start script
14 verbose stack Error: team-growth@1.0.0 start: `node index.js`
14 verbose stack Exit status 1
14 verbose stack     at EventEmitter.<anonymous> (/Users/michaeljfox/.nvm/versions/node/v6.2.2/lib/node_modules/npm/lib/utils/lifecycle.js:245:16)
14 verbose stack     at emitTwo (events.js:106:13)
14 verbose stack     at EventEmitter.emit (events.js:191:7)
14 verbose stack     at ChildProcess.<anonymous> (/Users/michaeljfox/.nvm/versions/node/v6.2.2/lib/node_modules/npm/lib/utils/spawn.js:24:14)
14 verbose stack     at emitTwo (events.js:106:13)
14 verbose stack     at ChildProcess.emit (events.js:191:7)
14 verbose stack     at maybeClose (internal/child_process.js:852:16)
14 verbose stack     at Process.ChildProcess._handle.onexit (internal/child_process.js:215:5)
15 verbose pkgid team-growth@1.0.0
16 verbose cwd /Users/michaeljfox/Documents/projects/team-growth
17 error Darwin 15.6.0
18 error argv "/Users/michaeljfox/.nvm/versions/node/v6.2.2/bin/node" "/Users/michaeljfox/.nvm/versions/node/v6.2.2/bin/npm" "start"
19 error node v6.2.2
20 error npm  v3.9.5
21 error code ELIFECYCLE
22 error team-growth@1.0.0 start: `node index.js`
22 error Exit status 1
23 error Failed at the team-growth@1.0.0 start script 'node index.js'.
23 error Make sure you have the latest version of node.js and npm installed.
23 error If you do, this is most likely a problem with the team-growth package,
23 error not with npm itself.
23 error Tell the author that this fails on your system:
23 error     node index.js
23 error You can get information on how to open an issue for this project with:
23 error     npm bugs team-growth
23 error Or if that isn't available, you can get their info via:
23 error     npm owner ls team-growth
23 error There is likely additional logging output above.
24 verbose exit [ 1, true ]
